Feb-14 08:58:17.699 [main] DEBUG nextflow.cli.Launcher - $> nextflow run main.nf
Feb-14 08:58:17.861 [main] DEBUG nextflow.cli.CmdRun - N E X T F L O W  ~  version 24.10.4
Feb-14 08:58:17.886 [main] DEBUG nextflow.plugin.PluginsFacade - Setting up plugin manager > mode=prod; embedded=false; plugins-dir=/home/omer/.nextflow/plugins; core-plugins: nf-amazon@2.9.2,nf-azure@1.10.2,nf-cloudcache@0.4.2,nf-codecommit@0.2.2,nf-console@1.1.4,nf-google@1.15.3,nf-tower@1.9.3,nf-wave@1.7.4
Feb-14 08:58:17.907 [main] INFO  o.pf4j.DefaultPluginStatusProvider - Enabled plugins: []
Feb-14 08:58:17.909 [main] INFO  o.pf4j.DefaultPluginStatusProvider - Disabled plugins: []
Feb-14 08:58:17.920 [main] INFO  org.pf4j.DefaultPluginManager - PF4J version 3.12.0 in 'deployment' mode
Feb-14 08:58:17.938 [main] INFO  org.pf4j.AbstractPluginManager - No plugins
Feb-14 08:58:18.021 [main] DEBUG nextflow.cli.CmdRun - Applied DSL=2 by global default
Feb-14 08:58:18.040 [main] DEBUG nextflow.cli.CmdRun - Launching `main.nf` [thirsty_perlman] DSL2 - revision: 5c64c39df8
Feb-14 08:58:18.044 [main] DEBUG nextflow.plugin.PluginsFacade - Plugins default=[]
Feb-14 08:58:18.044 [main] DEBUG nextflow.plugin.PluginsFacade - Plugins resolved requirement=[]
Feb-14 08:58:18.161 [main] DEBUG nextflow.Session - Session UUID: a0e21807-fb46-46ec-8236-cdf82ed62308
Feb-14 08:58:18.162 [main] DEBUG nextflow.Session - Run name: thirsty_perlman
Feb-14 08:58:18.163 [main] DEBUG nextflow.Session - Executor pool size: 16
Feb-14 08:58:18.180 [main] DEBUG nextflow.file.FilePorter - File porter settings maxRetries=3; maxTransfers=50; pollTimeout=null
Feb-14 08:58:18.193 [main] DEBUG nextflow.util.ThreadPoolBuilder - Creating thread pool 'FileTransfer' minSize=10; maxSize=48; workQueue=LinkedBlockingQueue[10000]; allowCoreThreadTimeout=false
Feb-14 08:58:18.226 [main] DEBUG nextflow.cli.CmdRun - 
  Version: 24.10.4 build 5934
  Created: 20-01-2025 16:47 UTC (19:47 TRST)
  System: Linux 5.15.167.4-microsoft-standard-WSL2
  Runtime: Groovy 4.0.23 on OpenJDK 64-Bit Server VM 11.0.26+4-post-Ubuntu-1ubuntu124.04
  Encoding: UTF-8 (UTF-8)
  Process: 847@DESKTOP-J0UJ22Q [127.0.1.1]
  CPUs: 16 - Mem: 7.6 GB (4.8 GB) - Swap: 2 GB (2 GB)
Feb-14 08:58:18.258 [main] DEBUG nextflow.Session - Work-dir: /home/omer/workbench/compar/work [ext2/ext3]
Feb-14 08:58:18.259 [main] DEBUG nextflow.Session - Script base path does not exist or is not a directory: /home/omer/workbench/compar/bin
Feb-14 08:58:18.280 [main] DEBUG nextflow.executor.ExecutorFactory - Extension executors providers=[]
Feb-14 08:58:18.340 [main] DEBUG nextflow.Session - Observer factory: DefaultObserverFactory
Feb-14 08:58:18.372 [main] DEBUG nextflow.cache.CacheFactory - Using Nextflow cache factory: nextflow.cache.DefaultCacheFactory
Feb-14 08:58:18.381 [main] DEBUG nextflow.util.CustomThreadPool - Creating default thread pool > poolSize: 17; maxThreads: 1000
Feb-14 08:58:18.426 [main] DEBUG nextflow.Session - Session start
Feb-14 08:58:18.867 [main] DEBUG nextflow.script.ScriptRunner - > Launching execution
Feb-14 08:58:18.877 [main] DEBUG n.secret.LocalSecretsProvider - Secrets store: /home/omer/.nextflow/secrets/store.json
Feb-14 08:58:18.885 [main] DEBUG nextflow.secret.SecretsLoader - Discovered secrets providers: [nextflow.secret.LocalSecretsProvider@124dac75] - activable => nextflow.secret.LocalSecretsProvider@124dac75
Feb-14 08:58:18.910 [main] DEBUG nextflow.script.ScriptRunner - Parsed script files:
  Script_aa08ec2601914d9b: /home/omer/workbench/compar/main.nf
Feb-14 08:58:18.911 [main] DEBUG nextflow.Session - Session aborted -- Cause: File path is prefixed with an invalid URL scheme - Offending path: 'C:/Users/omer/Desktop/Canvas_GS_Nx/B24-YMA-202/results/'
Feb-14 08:58:18.913 [main] DEBUG nextflow.Session - 
Thread[main,5,main]
  java.base@11.0.26/java.lang.Thread.dumpThreads(Native Method)
  java.base@11.0.26/java.lang.Thread.getAllStackTraces(Thread.java:1653)
  app//nextflow.util.SysHelper.dumpThreads(SysHelper.groovy:188)
  app//nextflow.Session.abort(Session.groovy:800)
  app//nextflow.script.ScriptRunner.execute(ScriptRunner.groovy:149)
  app//nextflow.cli.CmdRun.run(CmdRun.groovy:376)
  app//nextflow.cli.Launcher.run(Launcher.groovy:503)
  app//nextflow.cli.Launcher.main(Launcher.groovy:658)

Thread[Reference Handler,10,system]
  java.base@11.0.26/java.lang.ref.Reference.waitForReferencePendingList(Native Method)
  java.base@11.0.26/java.lang.ref.Reference.processPendingReferences(Reference.java:241)
  java.base@11.0.26/java.lang.ref.Reference$ReferenceHandler.run(Reference.java:213)

Thread[process reaper,10,system]
  java.base@11.0.26/jdk.internal.misc.Unsafe.park(Native Method)
  java.base@11.0.26/java.util.concurrent.locks.LockSupport.parkNanos(LockSupport.java:234)
  java.base@11.0.26/java.util.concurrent.SynchronousQueue$TransferStack.awaitFulfill(SynchronousQueue.java:462)
  java.base@11.0.26/java.util.concurrent.SynchronousQueue$TransferStack.transfer(SynchronousQueue.java:361)
  java.base@11.0.26/java.util.concurrent.SynchronousQueue.poll(SynchronousQueue.java:937)
  java.base@11.0.26/java.util.concurrent.ThreadPoolExecutor.getTask(ThreadPoolExecutor.java:1053)
  java.base@11.0.26/java.util.concurrent.ThreadPoolExecutor.runWorker(ThreadPoolExecutor.java:1114)
  java.base@11.0.26/java.util.concurrent.ThreadPoolExecutor$Worker.run(ThreadPoolExecutor.java:628)
  java.base@11.0.26/java.lang.Thread.run(Thread.java:829)

Thread[Thread-1,5,main]
  java.base@11.0.26/jdk.internal.misc.Unsafe.park(Native Method)
  java.base@11.0.26/java.util.concurrent.locks.LockSupport.parkNanos(LockSupport.java:234)
  java.base@11.0.26/java.util.concurrent.locks.AbstractQueuedSynchronizer$ConditionObject.awaitNanos(AbstractQueuedSynchronizer.java:2123)
  java.base@11.0.26/java.util.concurrent.LinkedBlockingDeque.pollFirst(LinkedBlockingDeque.java:513)
  java.base@11.0.26/java.util.concurrent.LinkedBlockingDeque.poll(LinkedBlockingDeque.java:675)
  app//nextflow.util.SimpleAgent.run(SimpleAgent.groovy:89)
  java.base@11.0.26/jdk.internal.reflect.NativeMethodAccessorImpl.invoke0(Native Method)
  java.base@11.0.26/jdk.internal.reflect.NativeMethodAccessorImpl.invoke(NativeMethodAccessorImpl.java:62)
  java.base@11.0.26/jdk.internal.reflect.DelegatingMethodAccessorImpl.invoke(DelegatingMethodAccessorImpl.java:43)
  java.base@11.0.26/java.lang.reflect.Method.invoke(Method.java:566)
  app//org.codehaus.groovy.reflection.CachedMethod.invoke(CachedMethod.java:343)
  app//groovy.lang.MetaMethod.doMethodInvoke(MetaMethod.java:328)
  app//groovy.lang.MetaClassImpl.doInvokeMethod(MetaClassImpl.java:1333)
  app//groovy.lang.MetaClassImpl.invokeMethod(MetaClassImpl.java:1088)
  app//groovy.lang.MetaClassImpl.invokeMethodClosure(MetaClassImpl.java:1017)
  app//groovy.lang.MetaClassImpl.doInvokeMethod(MetaClassImpl.java:1207)
  app//groovy.lang.MetaClassImpl.invokeMethod(MetaClassImpl.java:1088)
  app//groovy.lang.MetaClassImpl.invokeMethod(MetaClassImpl.java:1007)
  app//groovy.lang.Closure.call(Closure.java:433)
  app//groovy.lang.Closure.call(Closure.java:412)
  app//groovy.lang.Closure.run(Closure.java:505)
  java.base@11.0.26/java.lang.Thread.run(Thread.java:829)

Thread[Common-Cleaner,8,InnocuousThreadGroup]
  java.base@11.0.26/java.lang.Object.wait(Native Method)
  java.base@11.0.26/java.lang.ref.ReferenceQueue.remove(ReferenceQueue.java:155)
  java.base@11.0.26/jdk.internal.ref.CleanerImpl.run(CleanerImpl.java:148)
  java.base@11.0.26/java.lang.Thread.run(Thread.java:829)
  java.base@11.0.26/jdk.internal.misc.InnocuousThread.run(InnocuousThread.java:161)

Thread[Finalizer,8,system]
  java.base@11.0.26/java.lang.Object.wait(Native Method)
  java.base@11.0.26/java.lang.ref.ReferenceQueue.remove(ReferenceQueue.java:155)
  java.base@11.0.26/java.lang.ref.ReferenceQueue.remove(ReferenceQueue.java:176)
  java.base@11.0.26/java.lang.ref.Finalizer$FinalizerThread.run(Finalizer.java:170)

Thread[Signal Dispatcher,9,system]

Thread[AnsiLogObserver,5,main]
  java.base@11.0.26/java.lang.Object.wait(Native Method)
  app//nextflow.trace.AnsiLogObserver.render0(AnsiLogObserver.groovy:185)
  java.base@11.0.26/jdk.internal.reflect.NativeMethodAccessorImpl.invoke0(Native Method)
  java.base@11.0.26/jdk.internal.reflect.NativeMethodAccessorImpl.invoke(NativeMethodAccessorImpl.java:62)
  java.base@11.0.26/jdk.internal.reflect.DelegatingMethodAccessorImpl.invoke(DelegatingMethodAccessorImpl.java:43)
  java.base@11.0.26/java.lang.reflect.Method.invoke(Method.java:566)
  app//org.codehaus.groovy.reflection.CachedMethod.invoke(CachedMethod.java:343)
  app//groovy.lang.MetaMethod.doMethodInvoke(MetaMethod.java:328)
  app//groovy.lang.MetaClassImpl.doInvokeMethod(MetaClassImpl.java:1333)
  app//groovy.lang.MetaClassImpl.invokeMethod(MetaClassImpl.java:1088)
  app//groovy.lang.MetaClassImpl.invokeMethodClosure(MetaClassImpl.java:1017)
  app//groovy.lang.MetaClassImpl.doInvokeMethod(MetaClassImpl.java:1207)
  app//groovy.lang.MetaClassImpl.invokeMethod(MetaClassImpl.java:1088)
  app//groovy.lang.MetaClassImpl.invokeMethod(MetaClassImpl.java:1007)
  app//groovy.lang.Closure.call(Closure.java:433)
  app//groovy.lang.Closure.call(Closure.java:412)
  app//groovy.lang.Closure.run(Closure.java:505)
  java.base@11.0.26/java.lang.Thread.run(Thread.java:829)

Feb-14 08:58:18.918 [main] ERROR nextflow.cli.Launcher - File path is prefixed with an invalid URL scheme - Offending path: 'C:/Users/omer/Desktop/Canvas_GS_Nx/B24-YMA-202/results/'
java.lang.IllegalArgumentException: File path is prefixed with an invalid URL scheme - Offending path: 'C:/Users/omer/Desktop/Canvas_GS_Nx/B24-YMA-202/results/'
	at nextflow.file.FileHelper.asPath(FileHelper.groovy:334)
	at nextflow.extension.Bolts.asType(Bolts.groovy:438)
	at org.codehaus.groovy.vmplugin.v8.IndyInterface.fromCache(IndyInterface.java:321)
	at nextflow.Nextflow.file(Nextflow.groovy:112)
	at nextflow.Nextflow.file(Nextflow.groovy)
	at org.codehaus.groovy.vmplugin.v8.IndyInterface.fromCache(IndyInterface.java:321)
	at Script_aa08ec2601914d9b$_runScript_closure4$_closure11.doCall(Script_aa08ec2601914d9b:52)
	at java.base/jdk.internal.reflect.NativeMethodAccessorImpl.invoke0(Native Method)
	at java.base/jdk.internal.reflect.NativeMethodAccessorImpl.invoke(NativeMethodAccessorImpl.java:62)
	at java.base/jdk.internal.reflect.DelegatingMethodAccessorImpl.invoke(DelegatingMethodAccessorImpl.java:43)
	at java.base/java.lang.reflect.Method.invoke(Method.java:566)
	at org.codehaus.groovy.reflection.CachedMethod.invoke(CachedMethod.java:343)
	at groovy.lang.MetaMethod.doMethodInvoke(MetaMethod.java:328)
	at org.codehaus.groovy.runtime.metaclass.ClosureMetaClass.invokeMethod(ClosureMetaClass.java:279)
	at groovy.lang.MetaClassImpl.invokeMethod(MetaClassImpl.java:1007)
	at groovy.lang.Closure.call(Closure.java:433)
	at groovy.lang.Closure.call(Closure.java:412)
	at nextflow.script.WorkflowDef.run0(WorkflowDef.groovy:204)
	at nextflow.script.WorkflowDef.run(WorkflowDef.groovy:188)
	at nextflow.script.BindableDef.invoke_a(BindableDef.groovy:51)
	at org.codehaus.groovy.vmplugin.v8.IndyInterface.fromCache(IndyInterface.java:321)
	at nextflow.script.BaseScript.run0(BaseScript.groovy:198)
	at org.codehaus.groovy.vmplugin.v8.IndyInterface.fromCache(IndyInterface.java:321)
	at nextflow.script.BaseScript.run(BaseScript.groovy:209)
	at nextflow.script.ScriptParser.runScript(ScriptParser.groovy:236)
	at nextflow.script.ScriptRunner.run(ScriptRunner.groovy:243)
	at nextflow.script.ScriptRunner.execute(ScriptRunner.groovy:138)
	at nextflow.cli.CmdRun.run(CmdRun.groovy:376)
	at nextflow.cli.Launcher.run(Launcher.groovy:503)
	at nextflow.cli.Launcher.main(Launcher.groovy:658)
